<?xml version="1.0" encoding="UTF-8"?>
<!-- Generated by org.testng.reporters.JUnitXMLReporter -->
<testsuite hostname="DESKTOP-RP5FHGT" ignored="0" name="Default test" tests="3" failures="0" timestamp="26 gru 2017 15:41:49 GMT" time="18.86" errors="0">
  <testcase name="loginPageTitleTest" time="0.018" classname="com.entry6.qa.testcases.LoginPageTest"/>
  <testcase name="headerTest" time="0.074" classname="com.entry6.qa.testcases.LoginPageTest"/>
  <testcase name="loginTest" time="0.483" classname="com.entry6.qa.testcases.LoginPageTest"/>
</testsuite> <!-- Default test -->
