<?xml version="1.0" encoding="UTF-8"?>
<!-- Generated by org.testng.reporters.JUnitXMLReporter -->
<testsuite hostname="DESKTOP-RP5FHGT" ignored="1" name="Default test" tests="2" failures="0" timestamp="25 gru 2017 16:28:12 GMT" time="28.83" errors="0">
  <testcase name="czyToJestHomePage" time="12.167" classname="com.entry6.qa.testcases.HomePageTest"/>
  <testcase name="przejdzDoObiektowIWrocHFB" time="4.049" classname="com.entry6.qa.testcases.HomePageTest"/>
  <testcase name="czyNazwaUzytkownikaPoLogowaniuSieZgadza" time="0.0" classname="com.entry6.qa.testcases.HomePageTest">
    <ignored/>
  </testcase> <!-- czyNazwaUzytkownikaPoLogowaniuSieZgadza -->
</testsuite> <!-- Default test -->
