<?xml version="1.0" encoding="UTF-8"?>
<!-- Generated by org.testng.reporters.JUnitXMLReporter -->
<testsuite hostname="DESKTOP-RP5FHGT" ignored="1" name="Test" tests="5" failures="0" timestamp="25 gru 2017 16:44:45 GMT" time="46.047" errors="0">
  <testcase name="loginPageTitleTest" time="0.011" classname="com.entry6.qa.testcases.LoginPageTest"/>
  <testcase name="czyToJestHomePage" time="11.907" classname="com.entry6.qa.testcases.HomePageTest"/>
  <testcase name="headerTest" time="0.065" classname="com.entry6.qa.testcases.LoginPageTest"/>
  <testcase name="przejdzDoObiektowIWrocHFB" time="4.389" classname="com.entry6.qa.testcases.HomePageTest"/>
  <testcase name="loginTest" time="0.416" classname="com.entry6.qa.testcases.LoginPageTest"/>
  <testcase name="czyNazwaUzytkownikaPoLogowaniuSieZgadza" time="0.0" classname="com.entry6.qa.testcases.HomePageTest">
    <ignored/>
  </testcase> <!-- czyNazwaUzytkownikaPoLogowaniuSieZgadza -->
</testsuite> <!-- Test -->
