<?xml version="1.0" encoding="UTF-8"?>
<!-- Generated by org.testng.reporters.JUnitXMLReporter -->
<testsuite hostname="DESKTOP-RP5FHGT" ignored="1" name="Test" tests="5" failures="0" timestamp="26 gru 2017 17:24:08 GMT" time="46.483" errors="0">
  <testcase name="loginPageTitleTest" time="0.016" classname="com.entry6.qa.testcases.LoginPageTest"/>
  <testcase name="czyToJestHomePage" time="12.093" classname="com.entry6.qa.testcases.HomePageTest"/>
  <testcase name="headerTest" time="0.053" classname="com.entry6.qa.testcases.LoginPageTest"/>
  <testcase name="przejdzDoObiektowIWrocHFB" time="4.819" classname="com.entry6.qa.testcases.HomePageTest"/>
  <testcase name="loginTest" time="0.422" classname="com.entry6.qa.testcases.LoginPageTest"/>
  <testcase name="czyNazwaUzytkownikaPoLogowaniuSieZgadza" time="0.0" classname="com.entry6.qa.testcases.HomePageTest">
    <ignored/>
  </testcase> <!-- czyNazwaUzytkownikaPoLogowaniuSieZgadza -->
</testsuite> <!-- Test -->
