<?xml version="1.0" encoding="UTF-8"?>
<testng-results skipped="0" failed="0" ignored="1" total="6" passed="5">
  <reporter-output>
  </reporter-output>
  <suite name="Suite" duration-ms="46483" started-at="2017-12-26T17:23:22Z" finished-at="2017-12-26T17:24:08Z">
    <groups>
    </groups>
    <test name="Test" duration-ms="46483" started-at="2017-12-26T17:23:22Z" finished-at="2017-12-26T17:24:08Z">
      <class name="com.entry6.qa.testcases.HomePageTest">
        <test-method status="PASS" signature="setUp()[pri:0, instance:com.entry6.qa.testcases.HomePageTest@57fffcd7]" name="setUp" is-config="true" duration-ms="5201" started-at="2017-12-26T18:23:28Z" finished-at="2017-12-26T18:23:33Z">
          <reporter-output>
          </reporter-output>
        </test-method> <!-- setUp -->
        <test-method status="PASS" signature="czyToJestHomePage()[pri:2, instance:com.entry6.qa.testcases.HomePageTest@57fffcd7]" name="czyToJestHomePage" duration-ms="12093" started-at="2017-12-26T18:23:33Z" finished-at="2017-12-26T18:23:45Z">
          <reporter-output>
          </reporter-output>
        </test-method> <!-- czyToJestHomePage -->
        <test-method status="PASS" signature="tearDown()[pri:0, instance:com.entry6.qa.testcases.HomePageTest@57fffcd7]" name="tearDown" is-config="true" duration-ms="619" started-at="2017-12-26T18:23:45Z" finished-at="2017-12-26T18:23:46Z">
          <reporter-output>
          </reporter-output>
        </test-method> <!-- tearDown -->
        <test-method status="PASS" signature="setUp()[pri:0, instance:com.entry6.qa.testcases.HomePageTest@57fffcd7]" name="setUp" is-config="true" duration-ms="5377" started-at="2017-12-26T18:23:51Z" finished-at="2017-12-26T18:23:57Z">
          <reporter-output>
          </reporter-output>
        </test-method> <!-- setUp -->
        <test-method status="PASS" signature="przejdzDoObiektowIWrocHFB()[pri:3, instance:com.entry6.qa.testcases.HomePageTest@57fffcd7]" name="przejdzDoObiektowIWrocHFB" duration-ms="4819" started-at="2017-12-26T18:23:57Z" finished-at="2017-12-26T18:24:02Z">
          <reporter-output>
          </reporter-output>
        </test-method> <!-- przejdzDoObiektowIWrocHFB -->
        <test-method status="PASS" signature="tearDown()[pri:0, instance:com.entry6.qa.testcases.HomePageTest@57fffcd7]" name="tearDown" is-config="true" duration-ms="626" started-at="2017-12-26T18:24:02Z" finished-at="2017-12-26T18:24:02Z">
          <reporter-output>
          </reporter-output>
        </test-method> <!-- tearDown -->
      </class> <!-- com.entry6.qa.testcases.HomePageTest -->
      <class name="com.entry6.qa.testcases.LoginPageTest">
        <test-method status="PASS" signature="setUp()[pri:0, instance:com.entry6.qa.testcases.LoginPageTest@31ef45e3]" name="setUp" is-config="true" duration-ms="5788" started-at="2017-12-26T18:23:22Z" finished-at="2017-12-26T18:23:27Z">
          <reporter-output>
          </reporter-output>
        </test-method> <!-- setUp -->
        <test-method status="PASS" signature="loginPageTitleTest()[pri:1, instance:com.entry6.qa.testcases.LoginPageTest@31ef45e3]" name="loginPageTitleTest" duration-ms="16" started-at="2017-12-26T18:23:27Z" finished-at="2017-12-26T18:23:27Z">
          <reporter-output>
          </reporter-output>
        </test-method> <!-- loginPageTitleTest -->
        <test-method status="PASS" signature="tearDown()[pri:0, instance:com.entry6.qa.testcases.LoginPageTest@31ef45e3]" name="tearDown" is-config="true" duration-ms="615" started-at="2017-12-26T18:23:27Z" finished-at="2017-12-26T18:23:28Z">
          <reporter-output>
          </reporter-output>
        </test-method> <!-- tearDown -->
        <test-method status="PASS" signature="setUp()[pri:0, instance:com.entry6.qa.testcases.LoginPageTest@31ef45e3]" name="setUp" is-config="true" duration-ms="4740" started-at="2017-12-26T18:23:46Z" finished-at="2017-12-26T18:23:51Z">
          <reporter-output>
          </reporter-output>
        </test-method> <!-- setUp -->
        <test-method status="PASS" signature="headerTest()[pri:2, instance:com.entry6.qa.testcases.LoginPageTest@31ef45e3]" name="headerTest" duration-ms="53" started-at="2017-12-26T18:23:51Z" finished-at="2017-12-26T18:23:51Z">
          <reporter-output>
          </reporter-output>
        </test-method> <!-- headerTest -->
        <test-method status="PASS" signature="tearDown()[pri:0, instance:com.entry6.qa.testcases.LoginPageTest@31ef45e3]" name="tearDown" is-config="true" duration-ms="585" started-at="2017-12-26T18:23:51Z" finished-at="2017-12-26T18:23:51Z">
          <reporter-output>
          </reporter-output>
        </test-method> <!-- tearDown -->
        <test-method status="PASS" signature="setUp()[pri:0, instance:com.entry6.qa.testcases.LoginPageTest@31ef45e3]" name="setUp" is-config="true" duration-ms="4895" started-at="2017-12-26T18:24:02Z" finished-at="2017-12-26T18:24:07Z">
          <reporter-output>
          </reporter-output>
        </test-method> <!-- setUp -->
        <test-method status="PASS" signature="loginTest()[pri:3, instance:com.entry6.qa.testcases.LoginPageTest@31ef45e3]" name="loginTest" duration-ms="422" started-at="2017-12-26T18:24:07Z" finished-at="2017-12-26T18:24:08Z">
          <reporter-output>
          </reporter-output>
        </test-method> <!-- loginTest -->
        <test-method status="PASS" signature="tearDown()[pri:0, instance:com.entry6.qa.testcases.LoginPageTest@31ef45e3]" name="tearDown" is-config="true" duration-ms="591" started-at="2017-12-26T18:24:08Z" finished-at="2017-12-26T18:24:08Z">
          <reporter-output>
          </reporter-output>
        </test-method> <!-- tearDown -->
      </class> <!-- com.entry6.qa.testcases.LoginPageTest -->
    </test> <!-- Test -->
  </suite> <!-- Suite -->
</testng-results>
