<?xml version="1.0" encoding="UTF-8"?>
<testng-results skipped="0" failed="0" ignored="1" total="6" passed="5">
  <reporter-output>
  </reporter-output>
  <suite name="Suite" duration-ms="46587" started-at="2017-12-27T01:09:14Z" finished-at="2017-12-27T01:10:00Z">
    <groups>
    </groups>
    <test name="Test" duration-ms="46587" started-at="2017-12-27T01:09:14Z" finished-at="2017-12-27T01:10:00Z">
      <class name="com.entry6.qa.testcases.HomePageTest">
        <test-method status="PASS" signature="setUp()[pri:0, instance:com.entry6.qa.testcases.HomePageTest@57fffcd7]" name="setUp" is-config="true" duration-ms="5473" started-at="2017-12-27T02:09:21Z" finished-at="2017-12-27T02:09:26Z">
          <reporter-output>
          </reporter-output>
        </test-method> <!-- setUp -->
        <test-method status="PASS" signature="czyToJestHomePage()[pri:2, instance:com.entry6.qa.testcases.HomePageTest@57fffcd7]" name="czyToJestHomePage" duration-ms="11944" started-at="2017-12-27T02:09:26Z" finished-at="2017-12-27T02:09:38Z">
          <reporter-output>
          </reporter-output>
        </test-method> <!-- czyToJestHomePage -->
        <test-method status="PASS" signature="tearDown()[pri:0, instance:com.entry6.qa.testcases.HomePageTest@57fffcd7]" name="tearDown" is-config="true" duration-ms="607" started-at="2017-12-27T02:09:38Z" finished-at="2017-12-27T02:09:39Z">
          <reporter-output>
          </reporter-output>
        </test-method> <!-- tearDown -->
        <test-method status="PASS" signature="setUp()[pri:0, instance:com.entry6.qa.testcases.HomePageTest@57fffcd7]" name="setUp" is-config="true" duration-ms="5443" started-at="2017-12-27T02:09:45Z" finished-at="2017-12-27T02:09:50Z">
          <reporter-output>
          </reporter-output>
        </test-method> <!-- setUp -->
        <test-method status="PASS" signature="przejdzDoObiektowIWrocHFB()[pri:3, instance:com.entry6.qa.testcases.HomePageTest@57fffcd7]" name="przejdzDoObiektowIWrocHFB" duration-ms="4240" started-at="2017-12-27T02:09:50Z" finished-at="2017-12-27T02:09:54Z">
          <reporter-output>
          </reporter-output>
        </test-method> <!-- przejdzDoObiektowIWrocHFB -->
        <test-method status="PASS" signature="tearDown()[pri:0, instance:com.entry6.qa.testcases.HomePageTest@57fffcd7]" name="tearDown" is-config="true" duration-ms="604" started-at="2017-12-27T02:09:54Z" finished-at="2017-12-27T02:09:55Z">
          <reporter-output>
          </reporter-output>
        </test-method> <!-- tearDown -->
      </class> <!-- com.entry6.qa.testcases.HomePageTest -->
      <class name="com.entry6.qa.testcases.LoginPageTest">
        <test-method status="PASS" signature="setUp()[pri:0, instance:com.entry6.qa.testcases.LoginPageTest@31ef45e3]" name="setUp" is-config="true" duration-ms="6429" started-at="2017-12-27T02:09:14Z" finished-at="2017-12-27T02:09:20Z">
          <reporter-output>
          </reporter-output>
        </test-method> <!-- setUp -->
        <test-method status="PASS" signature="loginPageTitleTest()[pri:1, instance:com.entry6.qa.testcases.LoginPageTest@31ef45e3]" name="loginPageTitleTest" duration-ms="16" started-at="2017-12-27T02:09:20Z" finished-at="2017-12-27T02:09:20Z">
          <reporter-output>
          </reporter-output>
        </test-method> <!-- loginPageTitleTest -->
        <test-method status="PASS" signature="tearDown()[pri:0, instance:com.entry6.qa.testcases.LoginPageTest@31ef45e3]" name="tearDown" is-config="true" duration-ms="573" started-at="2017-12-27T02:09:20Z" finished-at="2017-12-27T02:09:21Z">
          <reporter-output>
          </reporter-output>
        </test-method> <!-- tearDown -->
        <test-method status="PASS" signature="setUp()[pri:0, instance:com.entry6.qa.testcases.LoginPageTest@31ef45e3]" name="setUp" is-config="true" duration-ms="4877" started-at="2017-12-27T02:09:39Z" finished-at="2017-12-27T02:09:44Z">
          <reporter-output>
          </reporter-output>
        </test-method> <!-- setUp -->
        <test-method status="PASS" signature="headerTest()[pri:2, instance:com.entry6.qa.testcases.LoginPageTest@31ef45e3]" name="headerTest" duration-ms="51" started-at="2017-12-27T02:09:44Z" finished-at="2017-12-27T02:09:44Z">
          <reporter-output>
          </reporter-output>
        </test-method> <!-- headerTest -->
        <test-method status="PASS" signature="tearDown()[pri:0, instance:com.entry6.qa.testcases.LoginPageTest@31ef45e3]" name="tearDown" is-config="true" duration-ms="597" started-at="2017-12-27T02:09:44Z" finished-at="2017-12-27T02:09:45Z">
          <reporter-output>
          </reporter-output>
        </test-method> <!-- tearDown -->
        <test-method status="PASS" signature="setUp()[pri:0, instance:com.entry6.qa.testcases.LoginPageTest@31ef45e3]" name="setUp" is-config="true" duration-ms="4642" started-at="2017-12-27T02:09:55Z" finished-at="2017-12-27T02:09:59Z">
          <reporter-output>
          </reporter-output>
        </test-method> <!-- setUp -->
        <test-method status="PASS" signature="loginTest()[pri:3, instance:com.entry6.qa.testcases.LoginPageTest@31ef45e3]" name="loginTest" duration-ms="437" started-at="2017-12-27T02:09:59Z" finished-at="2017-12-27T02:10:00Z">
          <reporter-output>
          </reporter-output>
        </test-method> <!-- loginTest -->
        <test-method status="PASS" signature="tearDown()[pri:0, instance:com.entry6.qa.testcases.LoginPageTest@31ef45e3]" name="tearDown" is-config="true" duration-ms="590" started-at="2017-12-27T02:10:00Z" finished-at="2017-12-27T02:10:00Z">
          <reporter-output>
          </reporter-output>
        </test-method> <!-- tearDown -->
      </class> <!-- com.entry6.qa.testcases.LoginPageTest -->
    </test> <!-- Test -->
  </suite> <!-- Suite -->
</testng-results>
